mode: set
github.com/rollkit/rollkit/cmd/rollkit/commands/docs_gen.go:20.54,23.17 2 0
github.com/rollkit/rollkit/cmd/rollkit/commands/docs_gen.go:23.17,25.4 1 0
github.com/rollkit/rollkit/cmd/rollkit/commands/docs_gen.go:27.3,28.17 2 0
github.com/rollkit/rollkit/cmd/rollkit/commands/docs_gen.go:28.17,30.4 1 0
github.com/rollkit/rollkit/cmd/rollkit/commands/docs_gen.go:31.3,32.17 2 0
github.com/rollkit/rollkit/cmd/rollkit/commands/docs_gen.go:32.17,34.4 1 0
github.com/rollkit/rollkit/cmd/rollkit/commands/docs_gen.go:35.3,35.22 1 0
github.com/rollkit/rollkit/cmd/rollkit/commands/docs_gen.go:42.25,60.38 4 0
github.com/rollkit/rollkit/cmd/rollkit/commands/docs_gen.go:60.38,62.17 2 0
github.com/rollkit/rollkit/cmd/rollkit/commands/docs_gen.go:62.17,64.4 1 0
github.com/rollkit/rollkit/cmd/rollkit/commands/docs_gen.go:65.3,68.24 1 0
github.com/rollkit/rollkit/cmd/rollkit/commands/docs_gen.go:71.2,72.16 2 0
github.com/rollkit/rollkit/cmd/rollkit/commands/docs_gen.go:72.16,74.3 1 0
github.com/rollkit/rollkit/cmd/rollkit/commands/docs_gen.go:77.2,77.103 1 0
github.com/rollkit/rollkit/cmd/rollkit/commands/docs_gen.go:77.103,78.17 1 0
github.com/rollkit/rollkit/cmd/rollkit/commands/docs_gen.go:78.17,80.4 1 0
github.com/rollkit/rollkit/cmd/rollkit/commands/docs_gen.go:81.3,81.19 1 0
github.com/rollkit/rollkit/cmd/rollkit/commands/docs_gen.go:81.19,83.4 1 0
github.com/rollkit/rollkit/cmd/rollkit/commands/docs_gen.go:86.3,87.17 2 0
github.com/rollkit/rollkit/cmd/rollkit/commands/docs_gen.go:87.17,89.4 1 0
github.com/rollkit/rollkit/cmd/rollkit/commands/docs_gen.go:90.3,90.16 1 0
github.com/rollkit/rollkit/cmd/rollkit/commands/docs_gen.go:90.16,92.4 1 0
github.com/rollkit/rollkit/cmd/rollkit/commands/docs_gen.go:94.3,96.22 3 0
github.com/rollkit/rollkit/cmd/rollkit/commands/docs_gen.go:96.22,99.37 2 0
github.com/rollkit/rollkit/cmd/rollkit/commands/docs_gen.go:99.37,100.13 1 0
github.com/rollkit/rollkit/cmd/rollkit/commands/docs_gen.go:104.4,104.34 1 0
github.com/rollkit/rollkit/cmd/rollkit/commands/docs_gen.go:104.34,106.5 1 0
github.com/rollkit/rollkit/cmd/rollkit/commands/docs_gen.go:108.4,108.31 1 0
github.com/rollkit/rollkit/cmd/rollkit/commands/docs_gen.go:112.3,113.17 2 0
github.com/rollkit/rollkit/cmd/rollkit/commands/docs_gen.go:113.17,115.4 1 0
github.com/rollkit/rollkit/cmd/rollkit/commands/docs_gen.go:117.3,117.13 1 0
github.com/rollkit/rollkit/cmd/rollkit/commands/intercept.go:25.17,28.23 2 1
github.com/rollkit/rollkit/cmd/rollkit/commands/intercept.go:28.23,32.21 2 1
github.com/rollkit/rollkit/cmd/rollkit/commands/intercept.go:34.38,35.21 1 1
github.com/rollkit/rollkit/cmd/rollkit/commands/intercept.go:36.16,37.17 1 1
github.com/rollkit/rollkit/cmd/rollkit/commands/intercept.go:41.3,41.49 1 1
github.com/rollkit/rollkit/cmd/rollkit/commands/intercept.go:41.49,42.29 1 1
github.com/rollkit/rollkit/cmd/rollkit/commands/intercept.go:42.29,44.5 1 1
github.com/rollkit/rollkit/cmd/rollkit/commands/intercept.go:49.2,51.16 3 1
github.com/rollkit/rollkit/cmd/rollkit/commands/intercept.go:51.16,53.3 1 1
github.com/rollkit/rollkit/cmd/rollkit/commands/intercept.go:56.2,56.36 1 1
github.com/rollkit/rollkit/cmd/rollkit/commands/intercept.go:56.36,58.3 1 1
github.com/rollkit/rollkit/cmd/rollkit/commands/intercept.go:60.2,60.51 1 1
github.com/rollkit/rollkit/cmd/rollkit/commands/intercept.go:69.83,71.44 2 0
github.com/rollkit/rollkit/cmd/rollkit/commands/intercept.go:71.44,73.3 1 0
github.com/rollkit/rollkit/cmd/rollkit/commands/intercept.go:73.8,75.3 1 0
github.com/rollkit/rollkit/cmd/rollkit/commands/intercept.go:78.2,80.47 2 0
github.com/rollkit/rollkit/cmd/rollkit/commands/intercept.go:80.47,81.48 1 0
github.com/rollkit/rollkit/cmd/rollkit/commands/intercept.go:81.48,83.4 1 0
github.com/rollkit/rollkit/cmd/rollkit/commands/intercept.go:86.3,90.40 5 0
github.com/rollkit/rollkit/cmd/rollkit/commands/intercept.go:90.40,92.4 1 0
github.com/rollkit/rollkit/cmd/rollkit/commands/intercept.go:95.2,97.41 3 0
github.com/rollkit/rollkit/cmd/rollkit/commands/intercept.go:97.41,101.3 1 0
github.com/rollkit/rollkit/cmd/rollkit/commands/intercept.go:103.2,107.44 4 0
github.com/rollkit/rollkit/cmd/rollkit/commands/intercept.go:107.44,109.3 1 0
github.com/rollkit/rollkit/cmd/rollkit/commands/intercept.go:111.2,111.12 1 0
github.com/rollkit/rollkit/cmd/rollkit/commands/root.go:9.13,11.2 1 1
github.com/rollkit/rollkit/cmd/rollkit/commands/root.go:14.47,16.2 1 1
github.com/rollkit/rollkit/cmd/rollkit/commands/run_node.go:48.37,54.68 1 0
github.com/rollkit/rollkit/cmd/rollkit/commands/run_node.go:54.68,56.18 2 0
github.com/rollkit/rollkit/cmd/rollkit/commands/run_node.go:56.18,58.5 1 0
github.com/rollkit/rollkit/cmd/rollkit/commands/run_node.go:61.4,61.51 1 0
github.com/rollkit/rollkit/cmd/rollkit/commands/run_node.go:61.51,63.5 1 0
github.com/rollkit/rollkit/cmd/rollkit/commands/run_node.go:66.4,67.18 2 0
github.com/rollkit/rollkit/cmd/rollkit/commands/run_node.go:67.18,69.5 1 0
github.com/rollkit/rollkit/cmd/rollkit/commands/run_node.go:72.4,72.41 1 0
github.com/rollkit/rollkit/cmd/rollkit/commands/run_node.go:72.41,74.5 1 0
github.com/rollkit/rollkit/cmd/rollkit/commands/run_node.go:76.4,79.22 2 0
github.com/rollkit/rollkit/cmd/rollkit/commands/run_node.go:81.55,84.18 3 0
github.com/rollkit/rollkit/cmd/rollkit/commands/run_node.go:84.18,86.5 1 0
github.com/rollkit/rollkit/cmd/rollkit/commands/run_node.go:87.4,88.18 2 0
github.com/rollkit/rollkit/cmd/rollkit/commands/run_node.go:88.18,90.5 1 0
github.com/rollkit/rollkit/cmd/rollkit/commands/run_node.go:91.4,93.18 3 0
github.com/rollkit/rollkit/cmd/rollkit/commands/run_node.go:93.18,95.5 1 0
github.com/rollkit/rollkit/cmd/rollkit/commands/run_node.go:96.4,97.18 2 0
github.com/rollkit/rollkit/cmd/rollkit/commands/run_node.go:97.18,99.5 1 0
github.com/rollkit/rollkit/cmd/rollkit/commands/run_node.go:102.4,102.29 1 0
github.com/rollkit/rollkit/cmd/rollkit/commands/run_node.go:102.29,104.5 1 0
github.com/rollkit/rollkit/cmd/rollkit/commands/run_node.go:107.4,108.67 2 0
github.com/rollkit/rollkit/cmd/rollkit/commands/run_node.go:108.67,110.5 1 0
github.com/rollkit/rollkit/cmd/rollkit/commands/run_node.go:113.4,116.57 2 0
github.com/rollkit/rollkit/cmd/rollkit/commands/run_node.go:116.57,118.19 2 0
github.com/rollkit/rollkit/cmd/rollkit/commands/run_node.go:118.19,120.6 1 0
github.com/rollkit/rollkit/cmd/rollkit/commands/run_node.go:122.5,122.18 1 0
github.com/rollkit/rollkit/cmd/rollkit/commands/run_node.go:122.18,122.45 1 0
github.com/rollkit/rollkit/cmd/rollkit/commands/run_node.go:126.4,136.18 2 0
github.com/rollkit/rollkit/cmd/rollkit/commands/run_node.go:136.18,138.5 1 0
github.com/rollkit/rollkit/cmd/rollkit/commands/run_node.go:141.4,143.18 3 0
github.com/rollkit/rollkit/cmd/rollkit/commands/run_node.go:143.18,145.5 1 0
github.com/rollkit/rollkit/cmd/rollkit/commands/run_node.go:148.4,148.43 1 0
github.com/rollkit/rollkit/cmd/rollkit/commands/run_node.go:148.43,150.5 1 0
github.com/rollkit/rollkit/cmd/rollkit/commands/run_node.go:153.4,156.38 2 0
github.com/rollkit/rollkit/cmd/rollkit/commands/run_node.go:156.38,157.29 1 0
github.com/rollkit/rollkit/cmd/rollkit/commands/run_node.go:157.29,158.44 1 0
github.com/rollkit/rollkit/cmd/rollkit/commands/run_node.go:158.44,160.7 1 0
github.com/rollkit/rollkit/cmd/rollkit/commands/run_node.go:165.4,166.18 2 0
github.com/rollkit/rollkit/cmd/rollkit/commands/run_node.go:166.18,168.5 1 0
github.com/rollkit/rollkit/cmd/rollkit/commands/run_node.go:169.4,169.13 1 0
github.com/rollkit/rollkit/cmd/rollkit/commands/run_node.go:169.13,171.12 1 0
github.com/rollkit/rollkit/cmd/rollkit/commands/run_node.go:175.4,176.29 2 0
github.com/rollkit/rollkit/cmd/rollkit/commands/run_node.go:176.29,179.5 1 0
github.com/rollkit/rollkit/cmd/rollkit/commands/run_node.go:181.4,181.26 1 0
github.com/rollkit/rollkit/cmd/rollkit/commands/run_node.go:185.2,188.46 2 0
github.com/rollkit/rollkit/cmd/rollkit/commands/run_node.go:188.46,190.3 1 0
github.com/rollkit/rollkit/cmd/rollkit/commands/run_node.go:193.2,193.55 1 0
github.com/rollkit/rollkit/cmd/rollkit/commands/run_node.go:193.55,195.3 1 0
github.com/rollkit/rollkit/cmd/rollkit/commands/run_node.go:196.2,196.12 1 0
github.com/rollkit/rollkit/cmd/rollkit/commands/run_node.go:201.39,210.2 4 0
github.com/rollkit/rollkit/cmd/rollkit/commands/run_node.go:213.73,217.16 4 0
github.com/rollkit/rollkit/cmd/rollkit/commands/run_node.go:217.16,219.3 1 0
github.com/rollkit/rollkit/cmd/rollkit/commands/run_node.go:220.2,220.17 1 0
github.com/rollkit/rollkit/cmd/rollkit/commands/run_node.go:225.24,230.45 4 0
github.com/rollkit/rollkit/cmd/rollkit/commands/run_node.go:230.45,234.3 2 0
github.com/rollkit/rollkit/cmd/rollkit/commands/run_node.go:234.8,239.3 3 0
github.com/rollkit/rollkit/cmd/rollkit/commands/run_node.go:242.2,243.37 2 0
github.com/rollkit/rollkit/cmd/rollkit/commands/run_node.go:243.37,245.3 1 0
github.com/rollkit/rollkit/cmd/rollkit/commands/run_node.go:245.8,246.67 1 0
github.com/rollkit/rollkit/cmd/rollkit/commands/run_node.go:246.67,248.4 1 0
github.com/rollkit/rollkit/cmd/rollkit/commands/run_node.go:249.3,249.57 1 0
github.com/rollkit/rollkit/cmd/rollkit/commands/run_node.go:253.2,254.33 2 0
github.com/rollkit/rollkit/cmd/rollkit/commands/run_node.go:254.33,256.3 1 0
github.com/rollkit/rollkit/cmd/rollkit/commands/run_node.go:256.8,263.17 3 0
github.com/rollkit/rollkit/cmd/rollkit/commands/run_node.go:263.17,265.4 1 0
github.com/rollkit/rollkit/cmd/rollkit/commands/run_node.go:266.3,273.48 2 0
github.com/rollkit/rollkit/cmd/rollkit/commands/run_node.go:273.48,275.4 1 0
github.com/rollkit/rollkit/cmd/rollkit/commands/run_node.go:276.3,276.57 1 0
github.com/rollkit/rollkit/cmd/rollkit/commands/run_node.go:279.2,279.12 1 0
github.com/rollkit/rollkit/cmd/rollkit/commands/run_node.go:284.44,287.16 2 0
github.com/rollkit/rollkit/cmd/rollkit/commands/run_node.go:287.16,290.17 3 0
github.com/rollkit/rollkit/cmd/rollkit/commands/run_node.go:290.17,292.4 1 0
github.com/rollkit/rollkit/cmd/rollkit/commands/run_node.go:294.2,300.47 3 0
github.com/rollkit/rollkit/cmd/rollkit/commands/run_node.go:300.47,302.3 1 0
github.com/rollkit/rollkit/cmd/rollkit/commands/run_node.go:303.2,303.12 1 0
github.com/rollkit/rollkit/cmd/rollkit/commands/toml.go:13.34,24.2 3 0
github.com/rollkit/rollkit/cmd/rollkit/commands/toml.go:30.47,31.58 1 0
github.com/rollkit/rollkit/cmd/rollkit/commands/toml.go:31.58,34.4 2 0
github.com/rollkit/rollkit/cmd/rollkit/commands/toml.go:37.3,38.23 2 0
github.com/rollkit/rollkit/cmd/rollkit/commands/toml.go:38.23,40.4 1 0
github.com/rollkit/rollkit/cmd/rollkit/commands/toml.go:40.9,42.4 1 0
github.com/rollkit/rollkit/cmd/rollkit/commands/toml.go:45.3,46.10 2 0
github.com/rollkit/rollkit/cmd/rollkit/commands/toml.go:46.10,48.4 1 0
github.com/rollkit/rollkit/cmd/rollkit/commands/toml.go:48.9,50.4 1 0
github.com/rollkit/rollkit/cmd/rollkit/commands/toml.go:52.3,60.58 2 0
github.com/rollkit/rollkit/cmd/rollkit/commands/toml.go:60.58,63.4 2 0
github.com/rollkit/rollkit/cmd/rollkit/commands/toml.go:65.3,65.86 1 0
github.com/rollkit/rollkit/cmd/rollkit/commands/version.go:24.54,25.19 1 0
github.com/rollkit/rollkit/cmd/rollkit/commands/version.go:25.19,27.4 1 0
github.com/rollkit/rollkit/cmd/rollkit/commands/version.go:28.3,28.20 1 0
github.com/rollkit/rollkit/cmd/rollkit/commands/version.go:28.20,30.4 1 0
github.com/rollkit/rollkit/cmd/rollkit/commands/version.go:31.3,35.50 5 0
